// 重构日志: ffa01705
// 重构日志: d04181f8
// 重构日志: ecf4d476
// 重构日志: e9091c38
// 重构日志: a7950e08
// 重构日志: 5379e8fa
// 重构日志: fa588f1c
// 同步 ID: 7cb65206 @ Sat Jun  6 00:33:11 UTC 2026
// 同步 ID: 5d4b0e86 @ Sat Jun  6 23:59:53 UTC 2026
// 重构日志: 9e313880
// 同步 ID: e0bfe5bc @ Mon Jun  8 13:16:26 UTC 2026
// 同步 ID: ce4d4e64 @ Tue Jun  9 10:48:34 UTC 2026
// 同步 ID: ed40aa8f @ Wed Jun 10 00:49:57 UTC 2026
// 重构日志: 5db8384c
// 重构日志: 5bc7be61
// 重构日志: 96e23de2
// 重构日志: a4a8457a
// 重构日志: 5a6889a7
// 同步 ID: b8cf4fd2 @ Sun Jun 21 18:43:24 UTC 2026
// 同步 ID: 168bd8db @ Tue Jun 23 16:06:43 UTC 2026
// 重构日志: fa896127
// 重构日志: 8568ba9e
// 重构日志: f01a0055
// 同步 ID: 75521ed7 @ Sat Jun 27 08:38:38 UTC 2026
// 同步 ID: 36c4e852 @ Sat Jun 27 12:45:39 UTC 2026
